Build started 11/13/2015 5:36:34 PM.
     1>Project "C:\Users\samsilverberg\Documents\GitHub\jdokan\DLL\JDokanDLL.vcxproj" on node 2 (Build target(s)).
     1>ClCompile:
         C:\Program Files (x86)\Microsoft Visual Studio 14.0\VC\bin\CL.exe /c /I"C:\Program Files\Java\jdk1.5.0_15\include" /I"C:\Program Files\Java\jdk1.5.0_15\include\win32" /ZI /nologo /W3 /WX- /Od /Oy- /D WIN32 /D _DEBUG /D _WINDOWS /D _USRDLL /D JDokanDLL_EXPORTS /D _WINDLL /D _UNICODE /D UNICODE /Gm /EHsc /RTC1 /MDd /GS /fp:precise /Zc:wchar_t /Zc:forScope /Zc:inline /Yc"stdafx.h" /Fp"Debug\JDokan.pch" /Fo"Debug\\" /Fd"Debug\vc140.pdb" /Gd /TP /analyze- /errorReport:prompt stdafx.cpp
         stdafx.cpp
     1>c:\users\samsilverberg\documents\github\jdokan\dll\stdafx.h(45): fatal error C1083: Cannot open include file: 'jni.h': No such file or directory
     1>Done Building Project "C:\Users\samsilverberg\Documents\GitHub\jdokan\DLL\JDokanDLL.vcxproj" (Build target(s)) -- FAILED.

Build FAILED.

Time Elapsed 00:00:00.60
