Build started 11/9/2015 8:11:12 AM.
     1>Project "C:\Users\samsilverberg\Documents\GitHub\jdokan\DLL\JDokanDLL.vcxproj" on node 2 (Build target(s)).
     1>ClCompile:
         C:\Program Files (x86)\Microsoft Visual Studio 12.0\VC\bin\CL.exe /c /I"C:\Program Files\Java\jdk1.5.0_15\include" /I"C:\Program Files\Java\jdk1.5.0_15\include\win32" /Zi /nologo /W3 /WX- /O2 /Oy- /GL /D WIN32 /D NDEBUG /D _WINDOWS /D _USRDLL /D JDokanDLL_EXPORTS /D _WINDLL /D _UNICODE /D UNICODE /Gm- /EHsc /MD /GS /fp:precise /Zc:wchar_t /Zc:forScope /Yc"stdafx.h" /Fp"Release\JDokan.pch" /Fo"Release\\" /Fd"Release\vc120.pdb" /Gd /TP /analyze- /errorReport:prompt stdafx.cpp
         stdafx.cpp
     1>c:\users\samsilverberg\documents\github\jdokan\dll\stdafx.h(45): fatal error C1083: Cannot open include file: 'jni.h': No such file or directory
     1>Done Building Project "C:\Users\samsilverberg\Documents\GitHub\jdokan\DLL\JDokanDLL.vcxproj" (Build target(s)) -- FAILED.

Build FAILED.

Time Elapsed 00:00:00.35
